<?xml version="1.0" encoding="UTF-8"?>
<!-- Generated by org.testng.reporters.JUnitXMLReporter -->
<testsuite ignored="0" hostname="Lavanya_HP" failures="0" tests="18" name="Tests" time="44.073" errors="0" timestamp="2022-09-11T18:23:50 EDT">
  <testcase classname="Tests.LoginSuccessTest" name="Loginsutest" time="0.267"/>
  <testcase classname="Tests.LoginFailureTest" name="Loginsutest" time="0.235"/>
  <testcase classname="Tests.CheckboxTest" name="Chcktest" time="0.233"/>
  <testcase classname="Tests.ContextMenuTest" name="Contestmen" time="0.26"/>
  <testcase classname="Tests.DragandDropTest" name="Contestmen" time="0.144"/>
  <testcase classname="Tests.DropdownTest" name="Contestmen" time="0.276"/>
  <testcase classname="Tests.DynamicContentTest" name="Contestmen" time="0.457"/>
  <testcase classname="Tests.DynamicControlsTest" name="Contestmen" time="12.531"/>
  <testcase classname="Tests.DynamicLoadingTest" name="Contestmen" time="5.535"/>
  <testcase classname="Tests.FileDownloadTest" name="Contestmen" time="0.168"/>
  <testcase classname="Tests.FileUploadTest" name="Contestmen" time="0.313"/>
  <testcase classname="Tests.FloatingMenuTest" name="Contestmen" time="0.157"/>
  <testcase classname="Tests.IFramesTest" name="Contestmen" time="0.921"/>
  <testcase classname="Tests.MouseHoverTest" name="Contestmen" time="0.282"/>
  <testcase classname="Tests.JavaScriptAlertsTest" name="Contestmen" time="0.284"/>
  <testcase classname="Tests.JavaScriptErrorTest" name="Contestmen" time="0.12"/>
  <testcase classname="Tests.NewWindowTest" name="Contestmen" time="0.228"/>
  <testcase classname="Tests.NotificationMessageTest" name="Contestmen" time="0.742"/>
</testsuite> <!-- Tests -->
